# JRE version: Java(TM) SE Runtime Environment (8.0_112-b15) (build 1.8.0_112-b15)
# Java VM: Java HotSpot(TM) 64-Bit Server VM (25.112-b15 mixed mode windows-amd64 compressed oops)
Heap:
 PSYoungGen      total 182784K, used 46914K [0x00000000f0000000, 0x0000000100000000, 0x0000000100000000)
  eden space 145408K, 32% used [0x00000000f0000000,0x00000000f2dd0890,0x00000000f8e00000)
  from space 37376K, 0% used [0x00000000f8e00000,0x00000000f8e00000,0x00000000fb280000)
  to   space 56320K, 0% used [0x00000000fc900000,0x00000000fc900000,0x0000000100000000)
 ParOldGen       total 59392K, used 59289K [0x00000000d0000000, 0x00000000d3a00000, 0x00000000f0000000)
  object space 59392K, 99% used [0x00000000d0000000,0x00000000d39e6710,0x00000000d3a00000)
 Metaspace       used 58247K, capacity 58520K, committed 58880K, reserved 1097728K
  class space    used 10756K, capacity 10888K, committed 11008K, reserved 1048576K
GC Heap History (10 events):
Event: 14.430 GC heap before
{Heap before GC invocations=13 (full 3):
 PSYoungGen      total 150528K, used 126996K [0x00000000f0000000, 0x00000000fcf00000, 0x0000000100000000)
  eden space 120832K, 100% used [0x00000000f0000000,0x00000000f7600000,0x00000000f7600000)
  from space 29696K, 20% used [0x00000000f7600000,0x00000000f7c05070,0x00000000f9300000)
  to   space 29184K, 0% used [0x00000000fb280000,0x00000000fb280000,0x00000000fcf00000)
 ParOldGen       total 53760K, used 14509K [0x00000000d0000000, 0x00000000d3480000, 0x00000000f0000000)
  object space 53760K, 26% used [0x00000000d0000000,0x00000000d0e2b460,0x00000000d3480000)
 Metaspace       used 53406K, capacity 53700K, committed 53888K, reserved 1093632K
  class space    used 9975K, capacity 10064K, committed 10112K, reserved 1048576K
Event: 14.480 GC heap after
Heap after GC invocations=13 (full 3):
 PSYoungGen      total 174592K, used 29156K [0x00000000f0000000, 0x00000000fdf80000, 0x0000000100000000)
  eden space 145408K, 0% used [0x00000000f0000000,0x00000000f0000000,0x00000000f8e00000)
  from space 29184K, 99% used [0x00000000fb280000,0x00000000fcef9288,0x00000000fcf00000)
  to   space 37376K, 0% used [0x00000000f8e00000,0x00000000f8e00000,0x00000000fb280000)
 ParOldGen       total 53760K, used 24435K [0x00000000d0000000, 0x00000000d3480000, 0x00000000f0000000)
  object space 53760K, 45% used [0x00000000d0000000,0x00000000d17dcce0,0x00000000d3480000)
 Metaspace       used 53406K, capacity 53700K, committed 53888K, reserved 1093632K
  class space    used 9975K, capacity 10064K, committed 10112K, reserved 1048576K
}
Event: 16.888 GC heap before
{Heap before GC invocations=14 (full 3):
 PSYoungGen      total 174592K, used 174564K [0x00000000f0000000, 0x00000000fdf80000, 0x0000000100000000)
  eden space 145408K, 100% used [0x00000000f0000000,0x00000000f8e00000,0x00000000f8e00000)
  from space 29184K, 99% used [0x00000000fb280000,0x00000000fcef9288,0x00000000fcf00000)
  to   space 37376K, 0% used [0x00000000f8e00000,0x00000000f8e00000,0x00000000fb280000)
 ParOldGen       total 53760K, used 24435K [0x00000000d0000000, 0x00000000d3480000, 0x00000000f0000000)
  object space 53760K, 45% used [0x00000000d0000000,0x00000000d17dcce0,0x00000000d3480000)
 Metaspace       used 55174K, capacity 55490K, committed 55680K, reserved 1095680K
  class space    used 10207K, capacity 10302K, committed 10368K, reserved 1048576K
Event: 16.973 GC heap after
Heap after GC invocations=14 (full 3):
 PSYoungGen      total 182784K, used 37360K [0x00000000f0000000, 0x0000000100000000, 0x0000000100000000)
  eden space 145408K, 0% used [0x00000000f0000000,0x00000000f0000000,0x00000000f8e00000)
  from space 37376K, 99% used [0x00000000f8e00000,0x00000000fb27c0d8,0x00000000fb280000)
  to   space 56320K, 0% used [0x00000000fc900000,0x00000000fc900000,0x0000000100000000)
 ParOldGen       total 59392K, used 59223K [0x00000000d0000000, 0x00000000d3a00000, 0x00000000f0000000)
  object space 59392K, 99% used [0x00000000d0000000,0x00000000d39d5ca0,0x00000000d3a00000)
 Metaspace       used 55174K, capacity 55490K, committed 55680K, reserved 1095680K
  class space    used 10207K, capacity 10302K, committed 10368K, reserved 1048576K
}
Event: 16.973 GC heap before
{Heap before GC invocations=15 (full 4):
 PSYoungGen      total 182784K, used 37360K [0x00000000f0000000, 0x0000000100000000, 0x0000000100000000)
  eden space 145408K, 0% used [0x00000000f0000000,0x00000000f0000000,0x00000000f8e00000)
  from space 37376K, 99% used [0x00000000f8e00000,0x00000000fb27c0d8,0x00000000fb280000)
  to   space 56320K, 0% used [0x00000000fc900000,0x00000000fc900000,0x0000000100000000)
 ParOldGen       total 59392K, used 59223K [0x00000000d0000000, 0x00000000d3a00000, 0x00000000f0000000)
  object space 59392K, 99% used [0x00000000d0000000,0x00000000d39d5ca0,0x00000000d3a00000)
 Metaspace       used 55174K, capacity 55490K, committed 55680K, reserved 1095680K
  class space    used 10207K, capacity 10302K, committed 10368K, reserved 1048576K
Event: 17.127 GC heap after
Heap after GC invocations=15 (full 4):
 PSYoungGen      total 182784K, used 0K [0x00000000f0000000, 0x0000000100000000, 0x0000000100000000)
  eden space 145408K, 0% used [0x00000000f0000000,0x00000000f0000000,0x00000000f8e00000)
  from space 37376K, 0% used [0x00000000f8e00000,0x00000000f8e00000,0x00000000fb280000)
  to   space 56320K, 0% used [0x00000000fc900000,0x00000000fc900000,0x0000000100000000)
 ParOldGen       total 59392K, used 41391K [0x00000000d0000000, 0x00000000d3a00000, 0x00000000f0000000)
  object space 59392K, 69% used [0x00000000d0000000,0x00000000d286bf98,0x00000000d3a00000)
 Metaspace       used 54844K, capacity 55076K, committed 55680K, reserved 1095680K
  class space    used 10157K, capacity 10224K, committed 10368K, reserved 1048576K
}
Event: 19.899 GC heap before
{Heap before GC invocations=16 (full 5):
 PSYoungGen      total 182784K, used 145408K [0x00000000f0000000, 0x0000000100000000, 0x0000000100000000)
  eden space 145408K, 100% used [0x00000000f0000000,0x00000000f8e00000,0x00000000f8e00000)
  from space 37376K, 0% used [0x00000000f8e00000,0x00000000f8e00000,0x00000000fb280000)
  to   space 56320K, 0% used [0x00000000fc900000,0x00000000fc900000,0x0000000100000000)
 ParOldGen       total 59392K, used 41391K [0x00000000d0000000, 0x00000000d3a00000, 0x00000000f0000000)
  object space 59392K, 69% used [0x00000000d0000000,0x00000000d286bf98,0x00000000d3a00000)
 Metaspace       used 57056K, capacity 57382K, committed 57600K, reserved 1095680K
  class space    used 10538K, capacity 10654K, committed 10752K, reserved 1048576K
Event: 20.228 GC heap after
Heap after GC invocations=16 (full 5):
 PSYoungGen      total 182784K, used 6704K [0x00000000f0000000, 0x0000000100000000, 0x0000000100000000)
  eden space 145408K, 4% used [0x00000000f0000000,0x00000000f068c020,0x00000000f8e00000)
  from space 37376K, 0% used [0x00000000f8e00000,0x00000000f8e00000,0x00000000fb280000)
  to   space 56320K, 0% used [0x00000000fc900000,0x00000000fc900000,0x0000000100000000)
 ParOldGen       total 59392K, used 59256K [0x00000000d0000000, 0x00000000d3a00000, 0x00000000f0000000)
  object space 59392K, 99% used [0x00000000d0000000,0x00000000d39de330,0x00000000d3a00000)
 Metaspace       used 57056K, capacity 57382K, committed 57600K, reserved 1095680K
  class space    used 10538K, capacity 10654K, committed 10752K, reserved 1048576K
}
Event: 21.335 GC heap before
{Heap before GC invocations=17 (full 6):
 PSYoungGen      total 182784K, used 145408K [0x00000000f0000000, 0x0000000100000000, 0x0000000100000000)
  eden space 145408K, 100% used [0x00000000f0000000,0x00000000f8e00000,0x00000000f8e00000)
  from space 37376K, 0% used [0x00000000f8e00000,0x00000000f8e00000,0x00000000fb280000)
  to   space 56320K, 0% used [0x00000000fc900000,0x00000000fc900000,0x0000000100000000)
 ParOldGen       total 59392K, used 59256K [0x00000000d0000000, 0x00000000d3a00000, 0x00000000f0000000)
  object space 59392K, 99% used [0x00000000d0000000,0x00000000d39de330,0x00000000d3a00000)
 Metaspace       used 57855K, capacity 58200K, committed 58496K, reserved 1097728K
  class space    used 10671K, capacity 10824K, committed 10880K, reserved 1048576K
Event: 21.564 GC heap after
Heap after GC invocations=17 (full 6):
 PSYoungGen      total 182784K, used 4863K [0x00000000f0000000, 0x0000000100000000, 0x0000000100000000)
  eden space 145408K, 3% used [0x00000000f0000000,0x00000000f04bfc50,0x00000000f8e00000)
  from space 37376K, 0% used [0x00000000f8e00000,0x00000000f8e00000,0x00000000fb280000)
  to   space 56320K, 0% used [0x00000000fc900000,0x00000000fc900000,0x0000000100000000)
 ParOldGen       total 59392K, used 59289K [0x00000000d0000000, 0x00000000d3a00000, 0x00000000f0000000)
  object space 59392K, 99% used [0x00000000d0000000,0x00000000d39e6710,0x00000000d3a00000)
 Metaspace       used 57855K, capacity 58200K, committed 58496K, reserved 1097728K
  class space    used 10671K, capacity 10824K, committed 10880K, reserved 1048576K
}

